<?xml version="1.0" encoding="UTF-8"?>
<testsuite xmlns:xsi="http://www.w3.org/2001/XMLSchema-instance" xsi:noNamespaceSchemaLocation="https://maven.apache.org/surefire/maven-surefire-plugin/xsd/surefire-test-report-3.0.xsd" version="3.0" name="repository.SpielerManagerRepositoryImplTest" time="0.032" tests="6" errors="0" skipped="0" failures="0">
  <properties>
[...]
</properties>
  <testcase name="testSpeicherUndLadeSpieler" classname="repository.SpielerManagerRepositoryImplTest" time="0.014"/>
  <testcase name="testLadeSpielerThrowsOnNegativeId" classname="repository.SpielerManagerRepositoryImplTest" time="0.002"/>
  <testcase name="testSpeicherSpielerThrowsOnNullSpieler" classname="repository.SpielerManagerRepositoryImplTest" time="0.001"/>
  <testcase name="testLadeAlleSpieler" classname="repository.SpielerManagerRepositoryImplTest" time="0.001"/>
  <testcase name="testLadeSpielerThrowsWhenNotFound" classname="repository.SpielerManagerRepositoryImplTest" time="0.0"/>
  <testcase name="testSpeicherSpielerThrowsOnNegativeId" classname="repository.SpielerManagerRepositoryImplTest" time="0.001"/>
</testsuite>