<?xml version="1.0" encoding="UTF-8"?>
<testsuite xmlns:xsi="http://www.w3.org/2001/XMLSchema-instance" xsi:noNamespaceSchemaLocation="https://maven.apache.org/surefire/maven-surefire-plugin/xsd/surefire-test-report-3.0.xsd" version="3.0" name="de.dhbw.ase.ErntePreisTest" time="0.015" tests="4" errors="0" skipped="0" failures="0">
  <properties>
[...]
</properties>
  <testcase name="create_erntepreis_with_null_gemüsetyp_should_throw" classname="de.dhbw.ase.ErntePreisTest" time="0.013"/>
  <testcase name="create_valid_erntepreis" classname="de.dhbw.ase.ErntePreisTest" time="0.001"/>
  <testcase name="create_erntepreis_with_negative_anzahl_should_throw" classname="de.dhbw.ase.ErntePreisTest" time="0.0"/>
  <testcase name="equals_and_hashcode_should_work_properly" classname="de.dhbw.ase.ErntePreisTest" time="0.0"/>
</testsuite>